[debug] [2018-04-14T21:55:19.374Z] ----------------------------------------------------------------------
[debug] [2018-04-14T21:55:19.376Z] Command:       c:\Program Files\nodejs\node.exe c:\Users\hexu1\AppData\Roaming\npm\node_modules\firebase-tools\bin\firebase serve
[debug] [2018-04-14T21:55:19.377Z] CLI Version:   3.18.4
[debug] [2018-04-14T21:55:19.377Z] Platform:      win32
[debug] [2018-04-14T21:55:19.377Z] Node Version:  v8.11.1
[debug] [2018-04-14T21:55:19.377Z] Time:          Sat Apr 14 2018 17:55:19 GMT-0400 (Cuba Daylight Time)
[debug] [2018-04-14T21:55:19.377Z] ----------------------------------------------------------------------
[debug] 
[debug] [2018-04-14T21:55:19.388Z] > command requires scopes: ["email","openid","https://www.googleapis.com/auth/cloudplatformprojects.readonly","https://www.googleapis.com/auth/firebase","https://www.googleapis.com/auth/cloud-platform"]
[debug] [2018-04-14T21:55:19.389Z] > authorizing via signed-in user
[debug] [2018-04-14T21:55:19.391Z] >>> HTTP REQUEST GET https://admin.firebase.com/v1/projects/spotter-6ba86  
  
 Sat Apr 14 2018 17:55:19 GMT-0400 (Cuba Daylight Time)
[debug] [2018-04-14T21:55:19.690Z] <<< HTTP RESPONSE 200
[debug] [2018-04-14T21:55:19.692Z] >>> HTTP REQUEST GET https://admin.firebase.com/v1/database/spotter-6ba86/tokens  
  
 Sat Apr 14 2018 17:55:19 GMT-0400 (Cuba Daylight Time)
[debug] [2018-04-14T21:55:19.926Z] <<< HTTP RESPONSE 200
[debug] [2018-04-14T21:55:19.927Z] >>> HTTP REQUEST GET https://cloudresourcemanager.googleapis.com/v1/projects/spotter-6ba86  
  
 Sat Apr 14 2018 17:55:19 GMT-0400 (Cuba Daylight Time)
[debug] [2018-04-14T21:55:20.266Z] <<< HTTP RESPONSE 200
[info] 
[info] === Serving from 'c:\Purdue\CS252\lab\lab6\Spotter\web'...
[info] 
[debug] [2018-04-14T21:55:20.269Z] >>> HTTP REQUEST GET https://mobilesdk-pa.googleapis.com/v1/projects/242336049467/clients/_:getWebAppConfig  
  
 Sat Apr 14 2018 17:55:20 GMT-0400 (Cuba Daylight Time)
[debug] [2018-04-14T21:55:20.549Z] <<< HTTP RESPONSE 200
[info] i  hosting: Serving hosting files from: public
[info] +  hosting: Local server: http://localhost:5000

